Handling lib "mqtt"...
Handling lib "wifi"...
The --lib flag was not given for it, checking repository
The --lib flag was not given for it, checking repository
Prebuilt binary for "mqtt" already exists
Prepared local dir: "/Volumes/Dev/git/elyir-fw/toggle-switch/deps/elyir/deps/mqtt"
Falling back to sources for "wifi" (failed to fetch prebuilt binary: got 404 status code when accessed https://github.com/mongoose-os-libs/wifi/releases/download/1.20.1/libwifi-esp8266.a)
Prepared local dir: "/Volumes/Dev/git/elyir-fw/toggle-switch/deps/elyir/deps/wifi"
The flag --repo is not given, going to use mongoose-os repository
Sources: [/Volumes/Dev/git/elyir-fw/toggle-switch/deps/elyir/src/elyir.c /Volumes/Dev/git/elyir-fw/toggle-switch/deps/elyir/src/elyir_mqtt.c /Volumes/Dev/git/elyir-fw/toggle-switch/deps/elyir/src/elyir_net_visual.c]
Include dirs: [/Volumes/Dev/git/elyir-fw/toggle-switch/deps/elyir/deps/mqtt/include /Volumes/Dev/git/elyir-fw/toggle-switch/deps/elyir/deps/wifi/include /Volumes/Dev/git/elyir-fw/toggle-switch/deps/elyir/include]
Binary libs: []
Building...
mount from "/Volumes/Dev/git/elyir-fw/toggle-switch/deps/elyir" to "/app"
mount from "/Users/adeyeri/.mos/modules-1.20.1/mongoose-os-1.20.1" to "/mongoose-os"
mount from "/Users/adeyeri/.mos/modules-1.20.1/mongoose-os-1.20.1" to "/Users/adeyeri/.mos/modules-1.20.1/mongoose-os-1.20.1"
mount from "/Volumes/Dev/git/elyir-fw/toggle-switch/deps/elyir/build" to "/Volumes/Dev/git/elyir-fw/toggle-switch/deps/elyir/build"
mount from "/Volumes/Dev/git/elyir-fw/toggle-switch/deps/elyir/src" to "/Volumes/Dev/git/elyir-fw/toggle-switch/deps/elyir/src"
mount from "/Volumes/Dev/git/elyir-fw/toggle-switch/deps/elyir/deps/mqtt/include" to "/Volumes/Dev/git/elyir-fw/toggle-switch/deps/elyir/deps/mqtt/include"
mount from "/Volumes/Dev/git/elyir-fw/toggle-switch/deps/elyir/deps/wifi/include" to "/Volumes/Dev/git/elyir-fw/toggle-switch/deps/elyir/deps/wifi/include"
mount from "/Volumes/Dev/git/elyir-fw/toggle-switch/deps/elyir/include" to "/Volumes/Dev/git/elyir-fw/toggle-switch/deps/elyir/include"
mount from "/Volumes/Dev/git/elyir-fw/toggle-switch/deps/elyir/build/gen" to "/Volumes/Dev/git/elyir-fw/toggle-switch/deps/elyir/build/gen"
Docker arguments: run --name mos_build_2017-11-24T10-44-00-00_7527 --rm -i -v /Volumes/Dev/git/elyir-fw/toggle-switch/deps/elyir:/app -v /Users/adeyeri/.mos/modules-1.20.1/mongoose-os-1.20.1:/Users/adeyeri/.mos/modules-1.20.1/mongoose-os-1.20.1 -v /Volumes/Dev/git/elyir-fw/toggle-switch/deps/elyir/build/gen:/Volumes/Dev/git/elyir-fw/toggle-switch/deps/elyir/build/gen -v /Users/adeyeri/.mos/modules-1.20.1/mongoose-os-1.20.1:/mongoose-os -v /Volumes/Dev/git/elyir-fw/toggle-switch/deps/elyir/build:/Volumes/Dev/git/elyir-fw/toggle-switch/deps/elyir/build -v /Volumes/Dev/git/elyir-fw/toggle-switch/deps/elyir/src:/Volumes/Dev/git/elyir-fw/toggle-switch/deps/elyir/src -v /Volumes/Dev/git/elyir-fw/toggle-switch/deps/elyir/deps/mqtt/include:/Volumes/Dev/git/elyir-fw/toggle-switch/deps/elyir/deps/mqtt/include -v /Volumes/Dev/git/elyir-fw/toggle-switch/deps/elyir/deps/wifi/include:/Volumes/Dev/git/elyir-fw/toggle-switch/deps/elyir/deps/wifi/include -v /Volumes/Dev/git/elyir-fw/toggle-switch/deps/elyir/include:/Volumes/Dev/git/elyir-fw/toggle-switch/deps/elyir/include docker.cesanta.com/esp8266-build:2.1.0-1.5.0-r7 /bin/bash -c nice make '-j' '4' '-C' '/app' '-f' '/mongoose-os/fw/platforms/esp8266/Makefile.build' '/Volumes/Dev/git/elyir-fw/toggle-switch/deps/elyir/build/objs/lib.a' 'MGOS_HAVE_MQTT=1' 'APP_INCLUDES=/Volumes/Dev/git/elyir-fw/toggle-switch/deps/elyir/deps/mqtt/include /Volumes/Dev/git/elyir-fw/toggle-switch/deps/elyir/deps/wifi/include /Volumes/Dev/git/elyir-fw/toggle-switch/deps/elyir/include' 'APP_FS_FILES=' 'APP_BIN_LIBS=' 'BUILD_DIR=/Volumes/Dev/git/elyir-fw/toggle-switch/deps/elyir/build/objs' 'APP_CONF_SCHEMA=/Volumes/Dev/git/elyir-fw/toggle-switch/deps/elyir/build/gen/mos_conf_schema.yml' 'FFI_SYMBOLS=' 'MGOS_PATH=/mongoose-os' 'MGOS_WIFI_ENABLE_AP_STA=1' 'APP_VERSION=1.0' 'APP_SOURCES=/Volumes/Dev/git/elyir-fw/toggle-switch/deps/elyir/src/elyir.c /Volumes/Dev/git/elyir-fw/toggle-switch/deps/elyir/src/elyir_mqtt.c /Volumes/Dev/git/elyir-fw/toggle-switch/deps/elyir/src/elyir_net_visual.c' 'FW_DIR=build/fw' 'MANIFEST_FINAL=/Volumes/Dev/git/elyir-fw/toggle-switch/deps/elyir/build/gen/mos_final.yml' 'FS_STAGING_DIR=build/fs' 'APP_CXXFLAGS=-DMGOS_WIFI_ENABLE_AP_STA=1 -DMG_ENABLE_MQTT=1 -DMGOS_HAVE_MQTT=1 -DMGOS_HAVE_WIFI=1' 'APP_CFLAGS=-DMGOS_HAVE_WIFI=1 -DMGOS_WIFI_ENABLE_AP_STA=1 -DMG_ENABLE_MQTT=1 -DMGOS_HAVE_MQTT=1' 'MGOS_HAVE_WIFI=1' 'GEN_DIR=/Volumes/Dev/git/elyir-fw/toggle-switch/deps/elyir/build/gen' 'APP=elyir' 'PLATFORM=esp8266'
make: Entering directory '/app'
  CC    /Volumes/Dev/git/elyir-fw/toggle-switch/deps/elyir/src/elyir.c -> /Volumes/Dev/git/elyir-fw/toggle-switch/deps/elyir/build/objs/elyir.c.o
  AR    /Volumes/Dev/git/elyir-fw/toggle-switch/deps/elyir/build/objs/lib.a
/opt/Espressif/crosstool-NG/builds/xtensa-lx106-elf/bin/xtensa-lx106-elf-ar cru /Volumes/Dev/git/elyir-fw/toggle-switch/deps/elyir/build/objs/lib.a /Volumes/Dev/git/elyir-fw/toggle-switch/deps/elyir/build/objs/elyir.c.o /Volumes/Dev/git/elyir-fw/toggle-switch/deps/elyir/build/objs/elyir_mqtt.c.o /Volumes/Dev/git/elyir-fw/toggle-switch/deps/elyir/build/objs/elyir_net_visual.c.o
make: Leaving directory '/app'
Lib saved to build/lib.a
